{"C:\\projetos\\react-tmdb-filmes\\fileTransformer.js": {"path":"C:\\projetos\\react-tmdb-filmes\\fileTransformer.js","statementMap":{"0":{"start":{"line":1,"column":13},"end":{"line":1,"column":28}},"1":{"start":{"line":3,"column":0},"end":{"line":9,"column":2}},"2":{"start":{"line":5,"column":4},"end":{"line":7,"column":6}}},"fnMap":{"0":{"name":"(anonymous_0)","decl":{"start":{"line":4,"column":2},"end":{"line":4,"column":3}},"loc":{"start":{"line":4,"column":43},"end":{"line":8,"column":3}},"line":4}},"branchMap":{},"s":{"0":3,"1":3,"2":0},"f":{"0":0},"b":{},"_coverageSchema":"1a1c01bbd47fc00a2c39e90264f33305004495a9","hash":"60b3c29e91fa0570f47f652dd14d0632a7d220d3"}
,"C:\\projetos\\react-tmdb-filmes\\src\\components\\FeatureMovie\\index.tsx": {"path":"C:\\projetos\\react-tmdb-filmes\\src\\components\\FeatureMovie\\index.tsx","statementMap":{"0":{"start":{"line":17,"column":38},"end":{"line":80,"column":1}},"1":{"start":{"line":19,"column":44},"end":{"line":19,"column":66}},"2":{"start":{"line":20,"column":32},"end":{"line":20,"column":46}},"3":{"start":{"line":22,"column":19},"end":{"line":22,"column":32}},"4":{"start":{"line":24,"column":2},"end":{"line":26,"column":9}},"5":{"start":{"line":25,"column":4},"end":{"line":25,"column":25}},"6":{"start":{"line":28,"column":29},"end":{"line":41,"column":3}},"7":{"start":{"line":29,"column":4},"end":{"line":29,"column":21}},"8":{"start":{"line":31,"column":4},"end":{"line":40,"column":9}},"9":{"start":{"line":32,"column":6},"end":{"line":33,"column":51}},"10":{"start":{"line":33,"column":8},"end":{"line":33,"column":51}},"11":{"start":{"line":36,"column":8},"end":{"line":36,"column":43}},"12":{"start":{"line":39,"column":8},"end":{"line":39,"column":26}},"13":{"start":{"line":43,"column":29},"end":{"line":46,"column":3}},"14":{"start":{"line":44,"column":4},"end":{"line":44,"column":20}},"15":{"start":{"line":44,"column":13},"end":{"line":44,"column":20}},"16":{"start":{"line":45,"column":4},"end":{"line":45,"column":31}},"17":{"start":{"line":48,"column":25},"end":{"line":49,"column":61}},"18":{"start":{"line":51,"column":2},"end":{"line":79,"column":4}},"19":{"start":{"line":72,"column":35},"end":{"line":72,"column":72}}},"fnMap":{"0":{"name":"(anonymous_0)","decl":{"start":{"line":17,"column":38},"end":{"line":17,"column":39}},"loc":{"start":{"line":17,"column":44},"end":{"line":80,"column":1}},"line":17},"1":{"name":"(anonymous_1)","decl":{"start":{"line":24,"column":12},"end":{"line":24,"column":13}},"loc":{"start":{"line":24,"column":18},"end":{"line":26,"column":3}},"line":24},"2":{"name":"(anonymous_2)","decl":{"start":{"line":28,"column":29},"end":{"line":28,"column":30}},"loc":{"start":{"line":28,"column":35},"end":{"line":41,"column":3}},"line":28},"3":{"name":"(anonymous_3)","decl":{"start":{"line":31,"column":28},"end":{"line":31,"column":29}},"loc":{"start":{"line":31,"column":57},"end":{"line":34,"column":5}},"line":31},"4":{"name":"(anonymous_4)","decl":{"start":{"line":35,"column":13},"end":{"line":35,"column":14}},"loc":{"start":{"line":35,"column":36},"end":{"line":37,"column":7}},"line":35},"5":{"name":"(anonymous_5)","decl":{"start":{"line":38,"column":15},"end":{"line":38,"column":16}},"loc":{"start":{"line":38,"column":21},"end":{"line":40,"column":7}},"line":38},"6":{"name":"(anonymous_6)","decl":{"start":{"line":43,"column":29},"end":{"line":43,"column":30}},"loc":{"start":{"line":43,"column":57},"end":{"line":46,"column":3}},"line":43},"7":{"name":"(anonymous_7)","decl":{"start":{"line":72,"column":29},"end":{"line":72,"column":30}},"loc":{"start":{"line":72,"column":35},"end":{"line":72,"column":72}},"line":72}},"branchMap":{"0":{"loc":{"start":{"line":32,"column":6},"end":{"line":33,"column":51}},"type":"if","locations":[{"start":{"line":32,"column":6},"end":{"line":33,"column":51}},{"start":{},"end":{}}],"line":32},"1":{"loc":{"start":{"line":44,"column":4},"end":{"line":44,"column":20}},"type":"if","locations":[{"start":{"line":44,"column":4},"end":{"line":44,"column":20}},{"start":{},"end":{}}],"line":44}},"s":{"0":2,"1":8,"2":7,"3":7,"4":7,"5":5,"6":7,"7":5,"8":5,"9":3,"10":3,"11":0,"12":3,"13":7,"14":1,"15":0,"16":1,"17":7,"18":7,"19":1},"f":{"0":8,"1":5,"2":5,"3":3,"4":0,"5":3,"6":1,"7":1},"b":{"0":[3,0],"1":[0,1]},"_coverageSchema":"1a1c01bbd47fc00a2c39e90264f33305004495a9","hash":"b7ee07b3a9ce9351e5726f4e7b04533b2a884563"}
,"C:\\projetos\\react-tmdb-filmes\\src\\components\\Header\\index.tsx": {"path":"C:\\projetos\\react-tmdb-filmes\\src\\components\\Header\\index.tsx","statementMap":{"0":{"start":{"line":18,"column":32},"end":{"line":130,"column":1}},"1":{"start":{"line":20,"column":21},"end":{"line":20,"column":34}},"2":{"start":{"line":22,"column":46},"end":{"line":22,"column":58}},"3":{"start":{"line":23,"column":30},"end":{"line":26,"column":6}},"4":{"start":{"line":27,"column":38},"end":{"line":27,"column":62}},"5":{"start":{"line":28,"column":44},"end":{"line":28,"column":68}},"6":{"start":{"line":30,"column":27},"end":{"line":30,"column":64}},"7":{"start":{"line":32,"column":4},"end":{"line":51,"column":25}},"8":{"start":{"line":33,"column":8},"end":{"line":36,"column":9}},"9":{"start":{"line":34,"column":12},"end":{"line":34,"column":29}},"10":{"start":{"line":35,"column":12},"end":{"line":35,"column":19}},"11":{"start":{"line":38,"column":8},"end":{"line":50,"column":15}},"12":{"start":{"line":40,"column":16},"end":{"line":41,"column":56}},"13":{"start":{"line":41,"column":20},"end":{"line":41,"column":56}},"14":{"start":{"line":44,"column":16},"end":{"line":49,"column":17}},"15":{"start":{"line":45,"column":20},"end":{"line":48,"column":23}},"16":{"start":{"line":53,"column":30},"end":{"line":55,"column":5}},"17":{"start":{"line":54,"column":8},"end":{"line":54,"column":41}},"18":{"start":{"line":57,"column":31},"end":{"line":60,"column":5}},"19":{"start":{"line":58,"column":8},"end":{"line":58,"column":25}},"20":{"start":{"line":59,"column":8},"end":{"line":59,"column":35}},"21":{"start":{"line":62,"column":31},"end":{"line":65,"column":5}},"22":{"start":{"line":63,"column":8},"end":{"line":63,"column":25}},"23":{"start":{"line":64,"column":8},"end":{"line":64,"column":39}},"24":{"start":{"line":67,"column":29},"end":{"line":72,"column":5}},"25":{"start":{"line":68,"column":8},"end":{"line":69,"column":30}},"26":{"start":{"line":69,"column":12},"end":{"line":69,"column":30}},"27":{"start":{"line":71,"column":8},"end":{"line":71,"column":25}},"28":{"start":{"line":74,"column":4},"end":{"line":129,"column":6}},"29":{"start":{"line":88,"column":35},"end":{"line":88,"column":55}},"30":{"start":{"line":111,"column":36},"end":{"line":121,"column":41}},"31":{"start":{"line":114,"column":59},"end":{"line":114,"column":86}}},"fnMap":{"0":{"name":"(anonymous_0)","decl":{"start":{"line":18,"column":32},"end":{"line":18,"column":33}},"loc":{"start":{"line":18,"column":38},"end":{"line":130,"column":1}},"line":18},"1":{"name":"(anonymous_1)","decl":{"start":{"line":32,"column":14},"end":{"line":32,"column":15}},"loc":{"start":{"line":32,"column":20},"end":{"line":51,"column":5}},"line":32},"2":{"name":"(anonymous_2)","decl":{"start":{"line":39,"column":18},"end":{"line":39,"column":19}},"loc":{"start":{"line":39,"column":47},"end":{"line":42,"column":13}},"line":39},"3":{"name":"(anonymous_3)","decl":{"start":{"line":43,"column":19},"end":{"line":43,"column":20}},"loc":{"start":{"line":43,"column":42},"end":{"line":50,"column":13}},"line":43},"4":{"name":"(anonymous_4)","decl":{"start":{"line":53,"column":30},"end":{"line":53,"column":31}},"loc":{"start":{"line":53,"column":68},"end":{"line":55,"column":5}},"line":53},"5":{"name":"(anonymous_5)","decl":{"start":{"line":57,"column":31},"end":{"line":57,"column":32}},"loc":{"start":{"line":57,"column":47},"end":{"line":60,"column":5}},"line":57},"6":{"name":"(anonymous_6)","decl":{"start":{"line":62,"column":31},"end":{"line":62,"column":32}},"loc":{"start":{"line":62,"column":37},"end":{"line":65,"column":5}},"line":62},"7":{"name":"(anonymous_7)","decl":{"start":{"line":67,"column":29},"end":{"line":67,"column":30}},"loc":{"start":{"line":67,"column":35},"end":{"line":72,"column":5}},"line":67},"8":{"name":"(anonymous_8)","decl":{"start":{"line":88,"column":29},"end":{"line":88,"column":30}},"loc":{"start":{"line":88,"column":35},"end":{"line":88,"column":55}},"line":88},"9":{"name":"(anonymous_9)","decl":{"start":{"line":110,"column":48},"end":{"line":110,"column":49}},"loc":{"start":{"line":111,"column":36},"end":{"line":121,"column":41}},"line":111},"10":{"name":"(anonymous_10)","decl":{"start":{"line":114,"column":53},"end":{"line":114,"column":54}},"loc":{"start":{"line":114,"column":59},"end":{"line":114,"column":86}},"line":114}},"branchMap":{"0":{"loc":{"start":{"line":33,"column":8},"end":{"line":36,"column":9}},"type":"if","locations":[{"start":{"line":33,"column":8},"end":{"line":36,"column":9}},{"start":{},"end":{}}],"line":33},"1":{"loc":{"start":{"line":40,"column":16},"end":{"line":41,"column":56}},"type":"if","locations":[{"start":{"line":40,"column":16},"end":{"line":41,"column":56}},{"start":{},"end":{}}],"line":40},"2":{"loc":{"start":{"line":44,"column":16},"end":{"line":49,"column":17}},"type":"if","locations":[{"start":{"line":44,"column":16},"end":{"line":49,"column":17}},{"start":{},"end":{}}],"line":44},"3":{"loc":{"start":{"line":68,"column":8},"end":{"line":69,"column":30}},"type":"if","locations":[{"start":{"line":68,"column":8},"end":{"line":69,"column":30}},{"start":{},"end":{}}],"line":68},"4":{"loc":{"start":{"line":108,"column":48},"end":{"line":108,"column":82}},"type":"binary-expr","locations":[{"start":{"line":108,"column":48},"end":{"line":108,"column":57}},{"start":{"line":108,"column":61},"end":{"line":108,"column":82}}],"line":108}},"s":{"0":1,"1":11,"2":11,"3":11,"4":11,"5":11,"6":11,"7":11,"8":4,"9":3,"10":3,"11":1,"12":1,"13":1,"14":0,"15":0,"16":11,"17":1,"18":11,"19":0,"20":0,"21":11,"22":2,"23":2,"24":11,"25":11,"26":6,"27":5,"28":11,"29":2,"30":2,"31":0},"f":{"0":11,"1":4,"2":1,"3":0,"4":1,"5":0,"6":2,"7":11,"8":2,"9":2,"10":0},"b":{"0":[3,1],"1":[1,0],"2":[0,0],"3":[6,5],"4":[11,8]},"_coverageSchema":"1a1c01bbd47fc00a2c39e90264f33305004495a9","hash":"4d5db4ceb7c163f75aa96b7ade3e579252c71f47"}
,"C:\\projetos\\react-tmdb-filmes\\src\\components\\LoadingCard\\index.tsx": {"path":"C:\\projetos\\react-tmdb-filmes\\src\\components\\LoadingCard\\index.tsx","statementMap":{"0":{"start":{"line":9,"column":55},"end":{"line":31,"column":1}},"1":{"start":{"line":11,"column":17},"end":{"line":11,"column":19}},"2":{"start":{"line":13,"column":4},"end":{"line":22,"column":5}},"3":{"start":{"line":13,"column":17},"end":{"line":13,"column":18}},"4":{"start":{"line":14,"column":6},"end":{"line":21,"column":8}},"5":{"start":{"line":23,"column":4},"end":{"line":23,"column":16}},"6":{"start":{"line":26,"column":2},"end":{"line":30,"column":4}}},"fnMap":{"0":{"name":"(anonymous_0)","decl":{"start":{"line":9,"column":55},"end":{"line":9,"column":56}},"loc":{"start":{"line":9,"column":68},"end":{"line":31,"column":1}},"line":9},"1":{"name":"RenderSkeleton","decl":{"start":{"line":10,"column":11},"end":{"line":10,"column":25}},"loc":{"start":{"line":10,"column":28},"end":{"line":24,"column":3}},"line":10}},"branchMap":{},"s":{"0":2,"1":3,"2":3,"3":3,"4":60,"5":3,"6":3},"f":{"0":3,"1":3},"b":{},"_coverageSchema":"1a1c01bbd47fc00a2c39e90264f33305004495a9","hash":"cd672fd71c1a8c150c20f1efde4ba72b04e49a0c"}
,"C:\\projetos\\react-tmdb-filmes\\src\\components\\MovieCards\\index.tsx": {"path":"C:\\projetos\\react-tmdb-filmes\\src\\components\\MovieCards\\index.tsx","statementMap":{"0":{"start":{"line":12,"column":53},"end":{"line":43,"column":1}},"1":{"start":{"line":14,"column":35},"end":{"line":14,"column":40}},"2":{"start":{"line":16,"column":19},"end":{"line":16,"column":72}},"3":{"start":{"line":16,"column":43},"end":{"line":16,"column":72}},"4":{"start":{"line":18,"column":33},"end":{"line":20,"column":5}},"5":{"start":{"line":19,"column":8},"end":{"line":19,"column":32}},"6":{"start":{"line":22,"column":4},"end":{"line":42,"column":6}},"7":{"start":{"line":31,"column":24},"end":{"line":37,"column":31}}},"fnMap":{"0":{"name":"(anonymous_0)","decl":{"start":{"line":12,"column":53},"end":{"line":12,"column":54}},"loc":{"start":{"line":12,"column":64},"end":{"line":43,"column":1}},"line":12},"1":{"name":"(anonymous_1)","decl":{"start":{"line":16,"column":19},"end":{"line":16,"column":20}},"loc":{"start":{"line":16,"column":43},"end":{"line":16,"column":72}},"line":16},"2":{"name":"(anonymous_2)","decl":{"start":{"line":18,"column":33},"end":{"line":18,"column":34}},"loc":{"start":{"line":18,"column":49},"end":{"line":20,"column":5}},"line":18},"3":{"name":"(anonymous_3)","decl":{"start":{"line":30,"column":35},"end":{"line":30,"column":36}},"loc":{"start":{"line":31,"column":24},"end":{"line":37,"column":31}},"line":31}},"branchMap":{},"s":{"0":2,"1":4,"2":4,"3":2,"4":4,"5":2,"6":4,"7":2},"f":{"0":4,"1":2,"2":2,"3":2},"b":{},"_coverageSchema":"1a1c01bbd47fc00a2c39e90264f33305004495a9","hash":"c8b8db9c20a95139077bfe29e6edb3b9ae0221a6"}
,"C:\\projetos\\react-tmdb-filmes\\src\\components\\Pagination\\PaginationItem.tsx": {"path":"C:\\projetos\\react-tmdb-filmes\\src\\components\\Pagination\\PaginationItem.tsx","statementMap":{"0":{"start":{"line":4,"column":61},"end":{"line":17,"column":1}},"1":{"start":{"line":10,"column":6},"end":{"line":10,"column":11}},"2":{"start":{"line":12,"column":2},"end":{"line":16,"column":4}},"3":{"start":{"line":13,"column":27},"end":{"line":13,"column":47}}},"fnMap":{"0":{"name":"(anonymous_0)","decl":{"start":{"line":4,"column":61},"end":{"line":4,"column":62}},"loc":{"start":{"line":4,"column":72},"end":{"line":17,"column":1}},"line":4},"1":{"name":"(anonymous_1)","decl":{"start":{"line":13,"column":21},"end":{"line":13,"column":22}},"loc":{"start":{"line":13,"column":27},"end":{"line":13,"column":47}},"line":13}},"branchMap":{"0":{"loc":{"start":{"line":7,"column":4},"end":{"line":7,"column":21}},"type":"default-arg","locations":[{"start":{"line":7,"column":16},"end":{"line":7,"column":21}}],"line":7}},"s":{"0":1,"1":2,"2":2,"3":0},"f":{"0":2,"1":0},"b":{"0":[0]},"_coverageSchema":"1a1c01bbd47fc00a2c39e90264f33305004495a9","hash":"9a8792fbba684d28f2b1508436acb2dcbda97018"}
,"C:\\projetos\\react-tmdb-filmes\\src\\components\\Pagination\\index.tsx": {"path":"C:\\projetos\\react-tmdb-filmes\\src\\components\\Pagination\\index.tsx","statementMap":{"0":{"start":{"line":10,"column":22},"end":{"line":10,"column":23}},"1":{"start":{"line":12,"column":27},"end":{"line":16,"column":1}},"2":{"start":{"line":13,"column":2},"end":{"line":15,"column":30}},"3":{"start":{"line":14,"column":4},"end":{"line":14,"column":28}},"4":{"start":{"line":15,"column":20},"end":{"line":15,"column":28}},"5":{"start":{"line":18,"column":53},"end":{"line":88,"column":1}},"6":{"start":{"line":25,"column":6},"end":{"line":25,"column":11}},"7":{"start":{"line":27,"column":19},"end":{"line":27,"column":70}},"8":{"start":{"line":29,"column":24},"end":{"line":31,"column":8}},"9":{"start":{"line":33,"column":20},"end":{"line":35,"column":8}},"10":{"start":{"line":37,"column":2},"end":{"line":87,"column":4}},"11":{"start":{"line":50,"column":12},"end":{"line":56,"column":14}},"12":{"start":{"line":68,"column":12},"end":{"line":74,"column":14}}},"fnMap":{"0":{"name":"(anonymous_0)","decl":{"start":{"line":12,"column":27},"end":{"line":12,"column":28}},"loc":{"start":{"line":12,"column":57},"end":{"line":16,"column":1}},"line":12},"1":{"name":"(anonymous_1)","decl":{"start":{"line":13,"column":39},"end":{"line":13,"column":40}},"loc":{"start":{"line":13,"column":53},"end":{"line":15,"column":3}},"line":13},"2":{"name":"(anonymous_2)","decl":{"start":{"line":15,"column":12},"end":{"line":15,"column":13}},"loc":{"start":{"line":15,"column":20},"end":{"line":15,"column":28}},"line":15},"3":{"name":"(anonymous_3)","decl":{"start":{"line":18,"column":53},"end":{"line":18,"column":54}},"loc":{"start":{"line":18,"column":64},"end":{"line":88,"column":1}},"line":18},"4":{"name":"(anonymous_4)","decl":{"start":{"line":49,"column":29},"end":{"line":49,"column":30}},"loc":{"start":{"line":49,"column":37},"end":{"line":57,"column":11}},"line":49},"5":{"name":"(anonymous_5)","decl":{"start":{"line":67,"column":25},"end":{"line":67,"column":26}},"loc":{"start":{"line":67,"column":33},"end":{"line":75,"column":11}},"line":67}},"branchMap":{"0":{"loc":{"start":{"line":22,"column":4},"end":{"line":22,"column":24}},"type":"default-arg","locations":[{"start":{"line":22,"column":22},"end":{"line":22,"column":24}}],"line":22},"1":{"loc":{"start":{"line":23,"column":4},"end":{"line":23,"column":19}},"type":"default-arg","locations":[{"start":{"line":23,"column":18},"end":{"line":23,"column":19}}],"line":23},"2":{"loc":{"start":{"line":29,"column":24},"end":{"line":31,"column":8}},"type":"cond-expr","locations":[{"start":{"line":30,"column":6},"end":{"line":30,"column":74}},{"start":{"line":31,"column":6},"end":{"line":31,"column":8}}],"line":29},"3":{"loc":{"start":{"line":33,"column":20},"end":{"line":35,"column":8}},"type":"cond-expr","locations":[{"start":{"line":34,"column":6},"end":{"line":34,"column":86}},{"start":{"line":35,"column":6},"end":{"line":35,"column":8}}],"line":33},"4":{"loc":{"start":{"line":43,"column":11},"end":{"line":45,"column":11}},"type":"binary-expr","locations":[{"start":{"line":43,"column":11},"end":{"line":43,"column":44}},{"start":{"line":44,"column":12},"end":{"line":44,"column":22}}],"line":43},"5":{"loc":{"start":{"line":79,"column":11},"end":{"line":81,"column":11}},"type":"binary-expr","locations":[{"start":{"line":79,"column":11},"end":{"line":79,"column":55}},{"start":{"line":80,"column":12},"end":{"line":80,"column":22}}],"line":79}},"s":{"0":1,"1":1,"2":0,"3":0,"4":0,"5":1,"6":2,"7":2,"8":2,"9":2,"10":2,"11":0,"12":0},"f":{"0":0,"1":0,"2":0,"3":2,"4":0,"5":0},"b":{"0":[2],"1":[0],"2":[0,2],"3":[0,2],"4":[2,0],"5":[2,0]},"_coverageSchema":"1a1c01bbd47fc00a2c39e90264f33305004495a9","hash":"6ce2554bcf5b012807cdfa14022dfd8343ef2d0c"}
,"C:\\projetos\\react-tmdb-filmes\\src\\components\\Visibility\\index.tsx": {"path":"C:\\projetos\\react-tmdb-filmes\\src\\components\\Visibility\\index.tsx","statementMap":{"0":{"start":{"line":4,"column":53},"end":{"line":8,"column":1}},"1":{"start":{"line":5,"column":32},"end":{"line":5,"column":37}},"2":{"start":{"line":7,"column":2},"end":{"line":7,"column":43}}},"fnMap":{"0":{"name":"(anonymous_0)","decl":{"start":{"line":4,"column":53},"end":{"line":4,"column":54}},"loc":{"start":{"line":4,"column":64},"end":{"line":8,"column":1}},"line":4}},"branchMap":{"0":{"loc":{"start":{"line":7,"column":9},"end":{"line":7,"column":42}},"type":"cond-expr","locations":[{"start":{"line":7,"column":19},"end":{"line":7,"column":34}},{"start":{"line":7,"column":37},"end":{"line":7,"column":42}}],"line":7}},"s":{"0":5,"1":66,"2":66},"f":{"0":66},"b":{"0":[27,39]},"_coverageSchema":"1a1c01bbd47fc00a2c39e90264f33305004495a9","hash":"9b3cb41954e05f2fc51f66d293c10ecaaba10cc5"}
,"C:\\projetos\\react-tmdb-filmes\\src\\hooks\\useDebouncedValue.ts": {"path":"C:\\projetos\\react-tmdb-filmes\\src\\hooks\\useDebouncedValue.ts","statementMap":{"0":{"start":{"line":4,"column":46},"end":{"line":4,"column":61}},"1":{"start":{"line":6,"column":2},"end":{"line":14,"column":20}},"2":{"start":{"line":7,"column":20},"end":{"line":9,"column":12}},"3":{"start":{"line":8,"column":6},"end":{"line":8,"column":31}},"4":{"start":{"line":11,"column":4},"end":{"line":13,"column":6}},"5":{"start":{"line":12,"column":6},"end":{"line":12,"column":28}},"6":{"start":{"line":16,"column":2},"end":{"line":16,"column":24}}},"fnMap":{"0":{"name":"useDebouncedValue","decl":{"start":{"line":3,"column":16},"end":{"line":3,"column":33}},"loc":{"start":{"line":3,"column":59},"end":{"line":17,"column":1}},"line":3},"1":{"name":"(anonymous_1)","decl":{"start":{"line":6,"column":12},"end":{"line":6,"column":13}},"loc":{"start":{"line":6,"column":18},"end":{"line":14,"column":3}},"line":6},"2":{"name":"(anonymous_2)","decl":{"start":{"line":7,"column":31},"end":{"line":7,"column":32}},"loc":{"start":{"line":7,"column":37},"end":{"line":9,"column":5}},"line":7},"3":{"name":"(anonymous_3)","decl":{"start":{"line":11,"column":11},"end":{"line":11,"column":12}},"loc":{"start":{"line":11,"column":17},"end":{"line":13,"column":5}},"line":11}},"branchMap":{"0":{"loc":{"start":{"line":3,"column":47},"end":{"line":3,"column":57}},"type":"default-arg","locations":[{"start":{"line":3,"column":54},"end":{"line":3,"column":57}}],"line":3}},"s":{"0":11,"1":11,"2":4,"3":1,"4":4,"5":4,"6":11},"f":{"0":11,"1":4,"2":1,"3":4},"b":{"0":[0]},"_coverageSchema":"1a1c01bbd47fc00a2c39e90264f33305004495a9","hash":"bb1c4932edee22e06cf4a4b4e98542095dfa4cf3"}
,"C:\\projetos\\react-tmdb-filmes\\src\\pages\\Details\\index.tsx": {"path":"C:\\projetos\\react-tmdb-filmes\\src\\pages\\Details\\index.tsx","statementMap":{"0":{"start":{"line":18,"column":33},"end":{"line":111,"column":1}},"1":{"start":{"line":20,"column":19},"end":{"line":20,"column":30}},"2":{"start":{"line":21,"column":21},"end":{"line":21,"column":34}},"3":{"start":{"line":23,"column":34},"end":{"line":23,"column":48}},"4":{"start":{"line":24,"column":34},"end":{"line":24,"column":58}},"5":{"start":{"line":26,"column":4},"end":{"line":29,"column":11}},"6":{"start":{"line":27,"column":8},"end":{"line":28,"column":26}},"7":{"start":{"line":28,"column":12},"end":{"line":28,"column":26}},"8":{"start":{"line":31,"column":4},"end":{"line":33,"column":13}},"9":{"start":{"line":32,"column":8},"end":{"line":32,"column":21}},"10":{"start":{"line":35,"column":23},"end":{"line":55,"column":5}},"11":{"start":{"line":36,"column":8},"end":{"line":36,"column":25}},"12":{"start":{"line":37,"column":8},"end":{"line":54,"column":15}},"13":{"start":{"line":39,"column":16},"end":{"line":46,"column":17}},"14":{"start":{"line":40,"column":20},"end":{"line":40,"column":90}},"15":{"start":{"line":41,"column":20},"end":{"line":41,"column":82}},"16":{"start":{"line":42,"column":20},"end":{"line":42,"column":89}},"17":{"start":{"line":43,"column":20},"end":{"line":43,"column":99}},"18":{"start":{"line":45,"column":20},"end":{"line":45,"column":46}},"19":{"start":{"line":49,"column":16},"end":{"line":49,"column":51}},"20":{"start":{"line":52,"column":16},"end":{"line":52,"column":38}},"21":{"start":{"line":53,"column":16},"end":{"line":53,"column":34}},"22":{"start":{"line":57,"column":27},"end":{"line":58,"column":59}},"23":{"start":{"line":60,"column":4},"end":{"line":110,"column":6}}},"fnMap":{"0":{"name":"(anonymous_0)","decl":{"start":{"line":18,"column":33},"end":{"line":18,"column":34}},"loc":{"start":{"line":18,"column":39},"end":{"line":111,"column":1}},"line":18},"1":{"name":"(anonymous_1)","decl":{"start":{"line":26,"column":14},"end":{"line":26,"column":15}},"loc":{"start":{"line":26,"column":20},"end":{"line":29,"column":5}},"line":26},"2":{"name":"(anonymous_2)","decl":{"start":{"line":31,"column":14},"end":{"line":31,"column":15}},"loc":{"start":{"line":31,"column":20},"end":{"line":33,"column":5}},"line":31},"3":{"name":"(anonymous_3)","decl":{"start":{"line":35,"column":23},"end":{"line":35,"column":24}},"loc":{"start":{"line":35,"column":29},"end":{"line":55,"column":5}},"line":35},"4":{"name":"(anonymous_4)","decl":{"start":{"line":38,"column":18},"end":{"line":38,"column":19}},"loc":{"start":{"line":38,"column":32},"end":{"line":47,"column":13}},"line":38},"5":{"name":"(anonymous_5)","decl":{"start":{"line":48,"column":19},"end":{"line":48,"column":20}},"loc":{"start":{"line":48,"column":30},"end":{"line":50,"column":13}},"line":48},"6":{"name":"(anonymous_6)","decl":{"start":{"line":51,"column":21},"end":{"line":51,"column":22}},"loc":{"start":{"line":51,"column":27},"end":{"line":54,"column":13}},"line":51}},"branchMap":{"0":{"loc":{"start":{"line":27,"column":8},"end":{"line":28,"column":26}},"type":"if","locations":[{"start":{"line":27,"column":8},"end":{"line":28,"column":26}},{"start":{},"end":{}}],"line":27},"1":{"loc":{"start":{"line":39,"column":16},"end":{"line":46,"column":17}},"type":"if","locations":[{"start":{"line":39,"column":16},"end":{"line":46,"column":17}},{"start":{},"end":{}}],"line":39}},"s":{"0":1,"1":5,"2":5,"3":5,"4":5,"5":5,"6":2,"7":2,"8":5,"9":2,"10":5,"11":2,"12":2,"13":1,"14":1,"15":1,"16":1,"17":1,"18":1,"19":0,"20":1,"21":1,"22":5,"23":5},"f":{"0":5,"1":2,"2":2,"3":2,"4":1,"5":0,"6":1},"b":{"0":[2,0],"1":[1,0]},"_coverageSchema":"1a1c01bbd47fc00a2c39e90264f33305004495a9","hash":"5d66ef8b658df1a2249c7130bbf28e8336b23ba3"}
,"C:\\projetos\\react-tmdb-filmes\\src\\pages\\Home\\index.tsx": {"path":"C:\\projetos\\react-tmdb-filmes\\src\\pages\\Home\\index.tsx","statementMap":{"0":{"start":{"line":16,"column":23},"end":{"line":16,"column":35}},"1":{"start":{"line":17,"column":30},"end":{"line":17,"column":88}},"2":{"start":{"line":17,"column":44},"end":{"line":17,"column":88}},"3":{"start":{"line":19,"column":34},"end":{"line":19,"column":48}},"4":{"start":{"line":21,"column":42},"end":{"line":21,"column":61}},"5":{"start":{"line":22,"column":44},"end":{"line":22,"column":63}},"6":{"start":{"line":24,"column":52},"end":{"line":24,"column":78}},"7":{"start":{"line":26,"column":4},"end":{"line":28,"column":22}},"8":{"start":{"line":27,"column":8},"end":{"line":27,"column":21}},"9":{"start":{"line":30,"column":23},"end":{"line":56,"column":5}},"10":{"start":{"line":31,"column":8},"end":{"line":32,"column":42}},"11":{"start":{"line":32,"column":12},"end":{"line":32,"column":42}},"12":{"start":{"line":34,"column":8},"end":{"line":34,"column":25}},"13":{"start":{"line":36,"column":8},"end":{"line":55,"column":15}},"14":{"start":{"line":38,"column":16},"end":{"line":46,"column":17}},"15":{"start":{"line":40,"column":20},"end":{"line":42,"column":23}},"16":{"start":{"line":41,"column":24},"end":{"line":41,"column":75}},"17":{"start":{"line":44,"column":20},"end":{"line":44,"column":63}},"18":{"start":{"line":45,"column":20},"end":{"line":45,"column":65}},"19":{"start":{"line":49,"column":16},"end":{"line":49,"column":51}},"20":{"start":{"line":52,"column":16},"end":{"line":54,"column":24}},"21":{"start":{"line":53,"column":20},"end":{"line":53,"column":38}},"22":{"start":{"line":58,"column":4},"end":{"line":74,"column":6}}},"fnMap":{"0":{"name":"Home","decl":{"start":{"line":14,"column":16},"end":{"line":14,"column":20}},"loc":{"start":{"line":14,"column":23},"end":{"line":75,"column":1}},"line":14},"1":{"name":"(anonymous_1)","decl":{"start":{"line":17,"column":30},"end":{"line":17,"column":31}},"loc":{"start":{"line":17,"column":44},"end":{"line":17,"column":88}},"line":17},"2":{"name":"(anonymous_2)","decl":{"start":{"line":26,"column":14},"end":{"line":26,"column":15}},"loc":{"start":{"line":26,"column":20},"end":{"line":28,"column":5}},"line":26},"3":{"name":"(anonymous_3)","decl":{"start":{"line":30,"column":23},"end":{"line":30,"column":24}},"loc":{"start":{"line":30,"column":29},"end":{"line":56,"column":5}},"line":30},"4":{"name":"(anonymous_4)","decl":{"start":{"line":37,"column":18},"end":{"line":37,"column":19}},"loc":{"start":{"line":37,"column":47},"end":{"line":47,"column":13}},"line":37},"5":{"name":"(anonymous_5)","decl":{"start":{"line":40,"column":46},"end":{"line":40,"column":47}},"loc":{"start":{"line":40,"column":68},"end":{"line":42,"column":21}},"line":40},"6":{"name":"(anonymous_6)","decl":{"start":{"line":48,"column":19},"end":{"line":48,"column":20}},"loc":{"start":{"line":48,"column":42},"end":{"line":50,"column":13}},"line":48},"7":{"name":"(anonymous_7)","decl":{"start":{"line":51,"column":21},"end":{"line":51,"column":22}},"loc":{"start":{"line":51,"column":27},"end":{"line":55,"column":13}},"line":51},"8":{"name":"(anonymous_8)","decl":{"start":{"line":52,"column":27},"end":{"line":52,"column":28}},"loc":{"start":{"line":52,"column":33},"end":{"line":54,"column":17}},"line":52}},"branchMap":{"0":{"loc":{"start":{"line":31,"column":8},"end":{"line":32,"column":42}},"type":"if","locations":[{"start":{"line":31,"column":8},"end":{"line":32,"column":42}},{"start":{},"end":{}}],"line":31},"1":{"loc":{"start":{"line":38,"column":16},"end":{"line":46,"column":17}},"type":"if","locations":[{"start":{"line":38,"column":16},"end":{"line":46,"column":17}},{"start":{},"end":{}}],"line":38}},"s":{"0":3,"1":2,"2":0,"3":2,"4":2,"5":2,"6":2,"7":2,"8":2,"9":2,"10":2,"11":0,"12":2,"13":2,"14":1,"15":1,"16":2,"17":1,"18":1,"19":0,"20":1,"21":0,"22":2},"f":{"0":3,"1":0,"2":2,"3":2,"4":1,"5":2,"6":0,"7":1,"8":0},"b":{"0":[0,2],"1":[1,0]},"_coverageSchema":"1a1c01bbd47fc00a2c39e90264f33305004495a9","hash":"fd4e9f7f7b75b242b7dc0737dcc91654164fe681"}
,"C:\\projetos\\react-tmdb-filmes\\src\\services\\api.ts": {"path":"C:\\projetos\\react-tmdb-filmes\\src\\services\\api.ts","statementMap":{"0":{"start":{"line":3,"column":19},"end":{"line":10,"column":2}}},"fnMap":{},"branchMap":{},"s":{"0":4},"f":{},"b":{},"_coverageSchema":"1a1c01bbd47fc00a2c39e90264f33305004495a9","hash":"e8955a3787795ce77c0e65fd28308c049142c998"}
,"C:\\projetos\\react-tmdb-filmes\\src\\services\\movie.service.ts": {"path":"C:\\projetos\\react-tmdb-filmes\\src\\services\\movie.service.ts","statementMap":{"0":{"start":{"line":3,"column":31},"end":{"line":5,"column":1}},"1":{"start":{"line":4,"column":2},"end":{"line":4,"column":106}},"2":{"start":{"line":7,"column":31},"end":{"line":9,"column":1}},"3":{"start":{"line":8,"column":2},"end":{"line":8,"column":85}},"4":{"start":{"line":11,"column":30},"end":{"line":19,"column":1}},"5":{"start":{"line":12,"column":2},"end":{"line":18,"column":6}},"6":{"start":{"line":21,"column":32},"end":{"line":23,"column":1}},"7":{"start":{"line":22,"column":2},"end":{"line":22,"column":89}}},"fnMap":{"0":{"name":"(anonymous_0)","decl":{"start":{"line":3,"column":31},"end":{"line":3,"column":32}},"loc":{"start":{"line":3,"column":56},"end":{"line":5,"column":1}},"line":3},"1":{"name":"(anonymous_1)","decl":{"start":{"line":7,"column":31},"end":{"line":7,"column":32}},"loc":{"start":{"line":7,"column":44},"end":{"line":9,"column":1}},"line":7},"2":{"name":"(anonymous_2)","decl":{"start":{"line":11,"column":30},"end":{"line":11,"column":31}},"loc":{"start":{"line":11,"column":71},"end":{"line":19,"column":1}},"line":11},"3":{"name":"(anonymous_3)","decl":{"start":{"line":21,"column":32},"end":{"line":21,"column":33}},"loc":{"start":{"line":21,"column":38},"end":{"line":23,"column":1}},"line":21}},"branchMap":{"0":{"loc":{"start":{"line":7,"column":32},"end":{"line":7,"column":39}},"type":"default-arg","locations":[{"start":{"line":7,"column":37},"end":{"line":7,"column":39}}],"line":7}},"s":{"0":4,"1":2,"2":4,"3":2,"4":4,"5":1,"6":4,"7":5},"f":{"0":2,"1":2,"2":1,"3":5},"b":{"0":[2]},"_coverageSchema":"1a1c01bbd47fc00a2c39e90264f33305004495a9","hash":"b8f31724b4e7e0403a6f9e563e8dad4e76461b49"}
,"C:\\projetos\\react-tmdb-filmes\\src\\utils\\ConcatGenres\\index.tsx": {"path":"C:\\projetos\\react-tmdb-filmes\\src\\utils\\ConcatGenres\\index.tsx","statementMap":{"0":{"start":{"line":3,"column":28},"end":{"line":12,"column":1}},"1":{"start":{"line":4,"column":2},"end":{"line":4,"column":58}},"2":{"start":{"line":4,"column":45},"end":{"line":4,"column":58}},"3":{"start":{"line":6,"column":13},"end":{"line":6,"column":15}},"4":{"start":{"line":7,"column":2},"end":{"line":9,"column":5}},"5":{"start":{"line":8,"column":4},"end":{"line":8,"column":68}},"6":{"start":{"line":11,"column":2},"end":{"line":11,"column":14}}},"fnMap":{"0":{"name":"(anonymous_0)","decl":{"start":{"line":3,"column":28},"end":{"line":3,"column":29}},"loc":{"start":{"line":3,"column":55},"end":{"line":12,"column":1}},"line":3},"1":{"name":"(anonymous_1)","decl":{"start":{"line":7,"column":13},"end":{"line":7,"column":14}},"loc":{"start":{"line":7,"column":30},"end":{"line":9,"column":3}},"line":7}},"branchMap":{"0":{"loc":{"start":{"line":4,"column":2},"end":{"line":4,"column":58}},"type":"if","locations":[{"start":{"line":4,"column":2},"end":{"line":4,"column":58}},{"start":{},"end":{}}],"line":4},"1":{"loc":{"start":{"line":4,"column":6},"end":{"line":4,"column":43}},"type":"binary-expr","locations":[{"start":{"line":4,"column":6},"end":{"line":4,"column":20}},{"start":{"line":4,"column":24},"end":{"line":4,"column":43}}],"line":4},"2":{"loc":{"start":{"line":8,"column":27},"end":{"line":8,"column":64}},"type":"cond-expr","locations":[{"start":{"line":8,"column":56},"end":{"line":8,"column":59}},{"start":{"line":8,"column":62},"end":{"line":8,"column":64}}],"line":8}},"s":{"0":1,"1":1,"2":0,"3":1,"4":1,"5":1,"6":1},"f":{"0":1,"1":1},"b":{"0":[0,1],"1":[1,1],"2":[0,1]},"_coverageSchema":"1a1c01bbd47fc00a2c39e90264f33305004495a9","hash":"d2221edac8010d0d0ee5d0bdad519946d8db4966"}
,"C:\\projetos\\react-tmdb-filmes\\src\\utils\\ConvertDate\\index.ts": {"path":"C:\\projetos\\react-tmdb-filmes\\src\\utils\\ConvertDate\\index.ts","statementMap":{"0":{"start":{"line":4,"column":27},"end":{"line":10,"column":1}},"1":{"start":{"line":5,"column":2},"end":{"line":9,"column":7}}},"fnMap":{"0":{"name":"(anonymous_0)","decl":{"start":{"line":4,"column":27},"end":{"line":4,"column":28}},"loc":{"start":{"line":4,"column":45},"end":{"line":10,"column":1}},"line":4}},"branchMap":{},"s":{"0":2,"1":3},"f":{"0":3},"b":{},"_coverageSchema":"1a1c01bbd47fc00a2c39e90264f33305004495a9","hash":"353d6e8d212a851d5d337d23f664e90857b57a4f"}
,"C:\\projetos\\react-tmdb-filmes\\src\\utils\\ConvertRunTime\\index.ts": {"path":"C:\\projetos\\react-tmdb-filmes\\src\\utils\\ConvertRunTime\\index.ts","statementMap":{"0":{"start":{"line":1,"column":30},"end":{"line":15,"column":1}},"1":{"start":{"line":3,"column":2},"end":{"line":14,"column":3}},"2":{"start":{"line":4,"column":12},"end":{"line":4,"column":32}},"3":{"start":{"line":5,"column":12},"end":{"line":5,"column":20}},"4":{"start":{"line":7,"column":25},"end":{"line":7,"column":57}},"5":{"start":{"line":8,"column":27},"end":{"line":8,"column":63}},"6":{"start":{"line":10,"column":4},"end":{"line":10,"column":53}},"7":{"start":{"line":10,"column":33},"end":{"line":10,"column":53}},"8":{"start":{"line":11,"column":4},"end":{"line":11,"column":59}},"9":{"start":{"line":11,"column":37},"end":{"line":11,"column":59}},"10":{"start":{"line":13,"column":4},"end":{"line":13,"column":51}}},"fnMap":{"0":{"name":"(anonymous_0)","decl":{"start":{"line":1,"column":30},"end":{"line":1,"column":31}},"loc":{"start":{"line":1,"column":47},"end":{"line":15,"column":1}},"line":1}},"branchMap":{"0":{"loc":{"start":{"line":3,"column":2},"end":{"line":14,"column":3}},"type":"if","locations":[{"start":{"line":3,"column":2},"end":{"line":14,"column":3}},{"start":{},"end":{}}],"line":3},"1":{"loc":{"start":{"line":7,"column":25},"end":{"line":7,"column":57}},"type":"cond-expr","locations":[{"start":{"line":7,"column":34},"end":{"line":7,"column":47}},{"start":{"line":7,"column":50},"end":{"line":7,"column":57}}],"line":7},"2":{"loc":{"start":{"line":8,"column":27},"end":{"line":8,"column":63}},"type":"cond-expr","locations":[{"start":{"line":8,"column":36},"end":{"line":8,"column":51}},{"start":{"line":8,"column":54},"end":{"line":8,"column":63}}],"line":8},"3":{"loc":{"start":{"line":10,"column":4},"end":{"line":10,"column":53}},"type":"if","locations":[{"start":{"line":10,"column":4},"end":{"line":10,"column":53}},{"start":{},"end":{}}],"line":10},"4":{"loc":{"start":{"line":11,"column":4},"end":{"line":11,"column":59}},"type":"if","locations":[{"start":{"line":11,"column":4},"end":{"line":11,"column":59}},{"start":{},"end":{}}],"line":11}},"s":{"0":1,"1":1,"2":1,"3":1,"4":1,"5":1,"6":1,"7":0,"8":1,"9":0,"10":1},"f":{"0":1},"b":{"0":[1,0],"1":[1,0],"2":[0,1],"3":[0,1],"4":[0,1]},"_coverageSchema":"1a1c01bbd47fc00a2c39e90264f33305004495a9","hash":"92bda078a8a377aaa0004fee1fa46f9f704c51ce"}
,"C:\\projetos\\react-tmdb-filmes\\src\\utils\\Cover\\index.tsx": {"path":"C:\\projetos\\react-tmdb-filmes\\src\\utils\\Cover\\index.tsx","statementMap":{"0":{"start":{"line":1,"column":25},"end":{"line":4,"column":1}},"1":{"start":{"line":2,"column":2},"end":{"line":2,"column":68}},"2":{"start":{"line":2,"column":58},"end":{"line":2,"column":68}},"3":{"start":{"line":3,"column":2},"end":{"line":3,"column":54}}},"fnMap":{"0":{"name":"(anonymous_0)","decl":{"start":{"line":1,"column":25},"end":{"line":1,"column":26}},"loc":{"start":{"line":1,"column":58},"end":{"line":4,"column":1}},"line":1}},"branchMap":{"0":{"loc":{"start":{"line":2,"column":2},"end":{"line":2,"column":68}},"type":"if","locations":[{"start":{"line":2,"column":2},"end":{"line":2,"column":68}},{"start":{},"end":{}}],"line":2},"1":{"loc":{"start":{"line":2,"column":6},"end":{"line":2,"column":56}},"type":"binary-expr","locations":[{"start":{"line":2,"column":6},"end":{"line":2,"column":24}},{"start":{"line":2,"column":28},"end":{"line":2,"column":41}},{"start":{"line":2,"column":45},"end":{"line":2,"column":56}}],"line":2}},"s":{"0":4,"1":19,"2":14,"3":5},"f":{"0":19},"b":{"0":[14,5],"1":[19,5,5]},"_coverageSchema":"1a1c01bbd47fc00a2c39e90264f33305004495a9","hash":"12efaeb9c668fff008cc3e7456d16402ccb152b6"}
}
