TN:
SF:fileTransformer.js
FN:4,(anonymous_0)
FNF:1
FNH:0
FNDA:0,(anonymous_0)
DA:1,3
DA:3,3
DA:5,0
LF:3
LH:2
BRF:0
BRH:0
end_of_record
TN:
SF:src\components\FeatureMovie\index.tsx
FN:17,(anonymous_0)
FN:24,(anonymous_1)
FN:28,(anonymous_2)
FN:31,(anonymous_3)
FN:35,(anonymous_4)
FN:38,(anonymous_5)
FN:43,(anonymous_6)
FN:72,(anonymous_7)
FNF:8
FNH:7
FNDA:8,(anonymous_0)
FNDA:5,(anonymous_1)
FNDA:5,(anonymous_2)
FNDA:3,(anonymous_3)
FNDA:0,(anonymous_4)
FNDA:3,(anonymous_5)
FNDA:1,(anonymous_6)
FNDA:1,(anonymous_7)
DA:17,2
DA:19,8
DA:20,7
DA:22,7
DA:24,7
DA:25,5
DA:28,7
DA:29,5
DA:31,5
DA:32,3
DA:33,3
DA:36,0
DA:39,3
DA:43,7
DA:44,1
DA:45,1
DA:48,7
DA:51,7
DA:72,1
LF:19
LH:18
BRDA:32,0,0,3
BRDA:32,0,1,0
BRDA:44,1,0,0
BRDA:44,1,1,1
BRF:4
BRH:2
end_of_record
TN:
SF:src\components\Header\index.tsx
FN:18,(anonymous_0)
FN:32,(anonymous_1)
FN:39,(anonymous_2)
FN:43,(anonymous_3)
FN:53,(anonymous_4)
FN:57,(anonymous_5)
FN:62,(anonymous_6)
FN:67,(anonymous_7)
FN:88,(anonymous_8)
FN:110,(anonymous_9)
FN:114,(anonymous_10)
FNF:11
FNH:8
FNDA:11,(anonymous_0)
FNDA:4,(anonymous_1)
FNDA:1,(anonymous_2)
FNDA:0,(anonymous_3)
FNDA:1,(anonymous_4)
FNDA:0,(anonymous_5)
FNDA:2,(anonymous_6)
FNDA:11,(anonymous_7)
FNDA:2,(anonymous_8)
FNDA:2,(anonymous_9)
FNDA:0,(anonymous_10)
DA:18,1
DA:20,11
DA:22,11
DA:23,11
DA:27,11
DA:28,11
DA:30,11
DA:32,11
DA:33,4
DA:34,3
DA:35,3
DA:38,1
DA:40,1
DA:41,1
DA:44,0
DA:45,0
DA:53,11
DA:54,1
DA:57,11
DA:58,0
DA:59,0
DA:62,11
DA:63,2
DA:64,2
DA:67,11
DA:68,11
DA:69,6
DA:71,5
DA:74,11
DA:88,2
DA:111,2
DA:114,0
LF:32
LH:27
BRDA:33,0,0,3
BRDA:33,0,1,1
BRDA:40,1,0,1
BRDA:40,1,1,0
BRDA:44,2,0,0
BRDA:44,2,1,0
BRDA:68,3,0,6
BRDA:68,3,1,5
BRDA:108,4,0,11
BRDA:108,4,1,8
BRF:10
BRH:7
end_of_record
TN:
SF:src\components\LoadingCard\index.tsx
FN:9,(anonymous_0)
FN:10,RenderSkeleton
FNF:2
FNH:2
FNDA:3,(anonymous_0)
FNDA:3,RenderSkeleton
DA:9,2
DA:11,3
DA:13,3
DA:14,60
DA:23,3
DA:26,3
LF:6
LH:6
BRF:0
BRH:0
end_of_record
TN:
SF:src\components\MovieCards\index.tsx
FN:12,(anonymous_0)
FN:16,(anonymous_1)
FN:18,(anonymous_2)
FN:30,(anonymous_3)
FNF:4
FNH:4
FNDA:4,(anonymous_0)
FNDA:2,(anonymous_1)
FNDA:2,(anonymous_2)
FNDA:2,(anonymous_3)
DA:12,2
DA:14,4
DA:16,4
DA:18,4
DA:19,2
DA:22,4
DA:31,2
LF:7
LH:7
BRF:0
BRH:0
end_of_record
TN:
SF:src\components\Pagination\PaginationItem.tsx
FN:4,(anonymous_0)
FN:13,(anonymous_1)
FNF:2
FNH:1
FNDA:2,(anonymous_0)
FNDA:0,(anonymous_1)
DA:4,1
DA:10,2
DA:12,2
DA:13,0
LF:4
LH:3
BRDA:7,0,0,0
BRF:1
BRH:0
end_of_record
TN:
SF:src\components\Pagination\index.tsx
FN:12,(anonymous_0)
FN:13,(anonymous_1)
FN:15,(anonymous_2)
FN:18,(anonymous_3)
FN:49,(anonymous_4)
FN:67,(anonymous_5)
FNF:6
FNH:1
FNDA:0,(anonymous_0)
FNDA:0,(anonymous_1)
FNDA:0,(anonymous_2)
FNDA:2,(anonymous_3)
FNDA:0,(anonymous_4)
FNDA:0,(anonymous_5)
DA:10,1
DA:12,1
DA:13,0
DA:14,0
DA:15,0
DA:18,1
DA:25,2
DA:27,2
DA:29,2
DA:33,2
DA:37,2
DA:50,0
DA:68,0
LF:13
LH:8
BRDA:22,0,0,2
BRDA:23,1,0,0
BRDA:29,2,0,0
BRDA:29,2,1,2
BRDA:33,3,0,0
BRDA:33,3,1,2
BRDA:43,4,0,2
BRDA:43,4,1,0
BRDA:79,5,0,2
BRDA:79,5,1,0
BRF:10
BRH:5
end_of_record
TN:
SF:src\components\Visibility\index.tsx
FN:4,(anonymous_0)
FNF:1
FNH:1
FNDA:66,(anonymous_0)
DA:4,5
DA:5,66
DA:7,66
LF:3
LH:3
BRDA:7,0,0,27
BRDA:7,0,1,39
BRF:2
BRH:2
end_of_record
TN:
SF:src\hooks\useDebouncedValue.ts
FN:3,useDebouncedValue
FN:6,(anonymous_1)
FN:7,(anonymous_2)
FN:11,(anonymous_3)
FNF:4
FNH:4
FNDA:11,useDebouncedValue
FNDA:4,(anonymous_1)
FNDA:1,(anonymous_2)
FNDA:4,(anonymous_3)
DA:4,11
DA:6,11
DA:7,4
DA:8,1
DA:11,4
DA:12,4
DA:16,11
LF:7
LH:7
BRDA:3,0,0,0
BRF:1
BRH:0
end_of_record
TN:
SF:src\pages\Details\index.tsx
FN:18,(anonymous_0)
FN:26,(anonymous_1)
FN:31,(anonymous_2)
FN:35,(anonymous_3)
FN:38,(anonymous_4)
FN:48,(anonymous_5)
FN:51,(anonymous_6)
FNF:7
FNH:6
FNDA:5,(anonymous_0)
FNDA:2,(anonymous_1)
FNDA:2,(anonymous_2)
FNDA:2,(anonymous_3)
FNDA:1,(anonymous_4)
FNDA:0,(anonymous_5)
FNDA:1,(anonymous_6)
DA:18,1
DA:20,5
DA:21,5
DA:23,5
DA:24,5
DA:26,5
DA:27,2
DA:28,2
DA:31,5
DA:32,2
DA:35,5
DA:36,2
DA:37,2
DA:39,1
DA:40,1
DA:41,1
DA:42,1
DA:43,1
DA:45,1
DA:49,0
DA:52,1
DA:53,1
DA:57,5
DA:60,5
LF:24
LH:23
BRDA:27,0,0,2
BRDA:27,0,1,0
BRDA:39,1,0,1
BRDA:39,1,1,0
BRF:4
BRH:2
end_of_record
TN:
SF:src\pages\Home\index.tsx
FN:14,Home
FN:17,(anonymous_1)
FN:26,(anonymous_2)
FN:30,(anonymous_3)
FN:37,(anonymous_4)
FN:40,(anonymous_5)
FN:48,(anonymous_6)
FN:51,(anonymous_7)
FN:52,(anonymous_8)
FNF:9
FNH:6
FNDA:3,Home
FNDA:0,(anonymous_1)
FNDA:2,(anonymous_2)
FNDA:2,(anonymous_3)
FNDA:1,(anonymous_4)
FNDA:2,(anonymous_5)
FNDA:0,(anonymous_6)
FNDA:1,(anonymous_7)
FNDA:0,(anonymous_8)
DA:16,3
DA:17,2
DA:19,2
DA:21,2
DA:22,2
DA:24,2
DA:26,2
DA:27,2
DA:30,2
DA:31,2
DA:32,0
DA:34,2
DA:36,2
DA:38,1
DA:40,1
DA:41,2
DA:44,1
DA:45,1
DA:49,0
DA:52,1
DA:53,0
DA:58,2
LF:22
LH:19
BRDA:31,0,0,0
BRDA:31,0,1,2
BRDA:38,1,0,1
BRDA:38,1,1,0
BRF:4
BRH:2
end_of_record
TN:
SF:src\services\api.ts
FNF:0
FNH:0
DA:3,4
LF:1
LH:1
BRF:0
BRH:0
end_of_record
TN:
SF:src\services\movie.service.ts
FN:3,(anonymous_0)
FN:7,(anonymous_1)
FN:11,(anonymous_2)
FN:21,(anonymous_3)
FNF:4
FNH:4
FNDA:2,(anonymous_0)
FNDA:2,(anonymous_1)
FNDA:1,(anonymous_2)
FNDA:5,(anonymous_3)
DA:3,4
DA:4,2
DA:7,4
DA:8,2
DA:11,4
DA:12,1
DA:21,4
DA:22,5
LF:8
LH:8
BRDA:7,0,0,2
BRF:1
BRH:1
end_of_record
TN:
SF:src\utils\ConcatGenres\index.tsx
FN:3,(anonymous_0)
FN:7,(anonymous_1)
FNF:2
FNH:2
FNDA:1,(anonymous_0)
FNDA:1,(anonymous_1)
DA:3,1
DA:4,1
DA:6,1
DA:7,1
DA:8,1
DA:11,1
LF:6
LH:6
BRDA:4,0,0,0
BRDA:4,0,1,1
BRDA:4,1,0,1
BRDA:4,1,1,1
BRDA:8,2,0,0
BRDA:8,2,1,1
BRF:6
BRH:4
end_of_record
TN:
SF:src\utils\ConvertDate\index.ts
FN:4,(anonymous_0)
FNF:1
FNH:1
FNDA:3,(anonymous_0)
DA:4,2
DA:5,3
LF:2
LH:2
BRF:0
BRH:0
end_of_record
TN:
SF:src\utils\ConvertRunTime\index.ts
FN:1,(anonymous_0)
FNF:1
FNH:1
FNDA:1,(anonymous_0)
DA:1,1
DA:3,1
DA:4,1
DA:5,1
DA:7,1
DA:8,1
DA:10,1
DA:11,1
DA:13,1
LF:9
LH:9
BRDA:3,0,0,1
BRDA:3,0,1,0
BRDA:7,1,0,1
BRDA:7,1,1,0
BRDA:8,2,0,0
BRDA:8,2,1,1
BRDA:10,3,0,0
BRDA:10,3,1,1
BRDA:11,4,0,0
BRDA:11,4,1,1
BRF:10
BRH:5
end_of_record
TN:
SF:src\utils\Cover\index.tsx
FN:1,(anonymous_0)
FNF:1
FNH:1
FNDA:19,(anonymous_0)
DA:1,4
DA:2,19
DA:3,5
LF:3
LH:3
BRDA:2,0,0,14
BRDA:2,0,1,5
BRDA:2,1,0,19
BRDA:2,1,1,5
BRDA:2,1,2,5
BRF:5
BRH:5
end_of_record
